Determining if the pthread_create exist failed with the following output:
Change Dir: /home/afar0308/Documents/GE-Game-Engine/build/CMakeFiles/CMakeTmp

Run Build Command:"/usr/bin/ninja" "cmTC_0f2a6"
[1/2] Building C object CMakeFiles/cmTC_0f2a6.dir/CheckSymbolExists.c.o
[2/2] Linking C executable cmTC_0f2a6
FAILED: cmTC_0f2a6 
: && /usr/bin/x86_64-linux-gnu-gcc-7   -rdynamic CMakeFiles/cmTC_0f2a6.dir/CheckSymbolExists.c.o  -o cmTC_0f2a6   && :
CMakeFiles/cmTC_0f2a6.dir/CheckSymbolExists.c.o: In function `main':
CheckSymbolExists.c:(.text+0x1b): undefined reference to `pthread_create'
collect2: error: ld returned 1 exit status
ninja: build stopped: subcommand failed.

File /home/afar0308/Documents/GE-Game-Engine/build/CMakeFiles/CMakeTmp/CheckSymbolExists.c:
/* */
#include <pthread.h>

int main(int argc, char** argv)
{
  (void)argv;
#ifndef pthread_create
  return ((int*)(&pthread_create))[argc];
#else
  (void)argc;
  return 0;
#endif
}

Determining if the function pthread_create exists in the pthreads failed with the following output:
Change Dir: /home/afar0308/Documents/GE-Game-Engine/build/CMakeFiles/CMakeTmp

Run Build Command:"/usr/bin/ninja" "cmTC_c185d"
[1/2] Building C object CMakeFiles/cmTC_c185d.dir/CheckFunctionExists.c.o
[2/2] Linking C executable cmTC_c185d
FAILED: cmTC_c185d 
: && /usr/bin/x86_64-linux-gnu-gcc-7 -DCHECK_FUNCTION_EXISTS=pthread_create  -rdynamic CMakeFiles/cmTC_c185d.dir/CheckFunctionExists.c.o  -o cmTC_c185d  -lpthreads && :
/usr/bin/ld: cannot find -lpthreads
collect2: error: ld returned 1 exit status
ninja: build stopped: subcommand failed.


Performing C SOURCE FILE Test HAVE_GCC_PREFERRED_STACK_BOUNDARY failed with the following output:
Change Dir: /home/afar0308/Documents/GE-Game-Engine/build/CMakeFiles/CMakeTmp

Run Build Command:"/usr/bin/ninja" "cmTC_5f57d"
[1/2] Building C object CMakeFiles/cmTC_5f57d.dir/src.c.o
FAILED: CMakeFiles/cmTC_5f57d.dir/src.c.o 
/usr/bin/x86_64-linux-gnu-gcc-7   -idirafter "/home/afar0308/Documents/GE-Game-Engine/GE/SDL2-2.0.14/src/video/khronos" -DHAVE_GCC_PREFERRED_STACK_BOUNDARY -mpreferred-stack-boundary=2 -o CMakeFiles/cmTC_5f57d.dir/src.c.o   -c src.c
cc1: error: -mpreferred-stack-boundary=2 is not between 3 and 12
ninja: build stopped: subcommand failed.

Source file was:
int x = 0; int main(int argc, char **argv) {}
Performing C SOURCE FILE Test HAVE_ALTIVEC_H_HDR failed with the following output:
Change Dir: /home/afar0308/Documents/GE-Game-Engine/build/CMakeFiles/CMakeTmp

Run Build Command:"/usr/bin/ninja" "cmTC_ad5e1"
[1/2] Building C object CMakeFiles/cmTC_ad5e1.dir/src.c.o
FAILED: CMakeFiles/cmTC_ad5e1.dir/src.c.o 
/usr/bin/x86_64-linux-gnu-gcc-7   -idirafter "/home/afar0308/Documents/GE-Game-Engine/GE/SDL2-2.0.14/src/video/khronos" -DHAVE_ALTIVEC_H_HDR -maltivec -o CMakeFiles/cmTC_ad5e1.dir/src.c.o   -c src.c
x86_64-linux-gnu-gcc-7: error: unrecognized command line option ‘-maltivec’; did you mean ‘-mglibc’?
ninja: build stopped: subcommand failed.

Source file was:

          #include <altivec.h>
          vector unsigned int vzero() {
              return vec_splat_u32(0);
          }
          int main(int argc, char **argv) { }
Performing C SOURCE FILE Test HAVE_ALTIVEC failed with the following output:
Change Dir: /home/afar0308/Documents/GE-Game-Engine/build/CMakeFiles/CMakeTmp

Run Build Command:"/usr/bin/ninja" "cmTC_98cdf"
[1/2] Building C object CMakeFiles/cmTC_98cdf.dir/src.c.o
FAILED: CMakeFiles/cmTC_98cdf.dir/src.c.o 
/usr/bin/x86_64-linux-gnu-gcc-7   -idirafter "/home/afar0308/Documents/GE-Game-Engine/GE/SDL2-2.0.14/src/video/khronos" -DHAVE_ALTIVEC -maltivec -o CMakeFiles/cmTC_98cdf.dir/src.c.o   -c src.c
x86_64-linux-gnu-gcc-7: error: unrecognized command line option ‘-maltivec’; did you mean ‘-mglibc’?
ninja: build stopped: subcommand failed.

Source file was:

          vector unsigned int vzero() {
              return vec_splat_u32(0);
          }
          int main(int argc, char **argv) { }
Determining if the include file libunwind.h exists failed with the following output:
Change Dir: /home/afar0308/Documents/GE-Game-Engine/build/CMakeFiles/CMakeTmp

Run Build Command:"/usr/bin/ninja" "cmTC_60706"
[1/2] Building C object CMakeFiles/cmTC_60706.dir/CheckIncludeFile.c.o
FAILED: CMakeFiles/cmTC_60706.dir/CheckIncludeFile.c.o 
/usr/bin/x86_64-linux-gnu-gcc-7   -idirafter "/home/afar0308/Documents/GE-Game-Engine/GE/SDL2-2.0.14/src/video/khronos" -o CMakeFiles/cmTC_60706.dir/CheckIncludeFile.c.o   -c CheckIncludeFile.c
CheckIncludeFile.c:1:10: fatal error: libunwind.h: No such file or directory
 #include <libunwind.h>
          ^~~~~~~~~~~~~
compilation terminated.
ninja: build stopped: subcommand failed.


Determining if the strlcpy exist failed with the following output:
Change Dir: /home/afar0308/Documents/GE-Game-Engine/build/CMakeFiles/CMakeTmp

Run Build Command:"/usr/bin/ninja" "cmTC_023d5"
[1/2] Building C object CMakeFiles/cmTC_023d5.dir/CheckSymbolExists.c.o
FAILED: CMakeFiles/cmTC_023d5.dir/CheckSymbolExists.c.o 
/usr/bin/x86_64-linux-gnu-gcc-7   -idirafter "/home/afar0308/Documents/GE-Game-Engine/GE/SDL2-2.0.14/src/video/khronos" -o CMakeFiles/cmTC_023d5.dir/CheckSymbolExists.c.o   -c CheckSymbolExists.c
CheckSymbolExists.c: In function ‘main’:
CheckSymbolExists.c:14:19: error: ‘strlcpy’ undeclared (first use in this function); did you mean ‘strncpy’?
   return ((int*)(&strlcpy))[argc];
                   ^~~~~~~
                   strncpy
CheckSymbolExists.c:14:19: note: each undeclared identifier is reported only once for each function it appears in
ninja: build stopped: subcommand failed.

File /home/afar0308/Documents/GE-Game-Engine/build/CMakeFiles/CMakeTmp/CheckSymbolExists.c:
/* */
#include <stddef.h>
#include <stdarg.h>
#include <stdlib.h>
#include <string.h>
#include <stdio.h>
#include <wchar.h>
#include <float.h>

int main(int argc, char** argv)
{
  (void)argv;
#ifndef strlcpy
  return ((int*)(&strlcpy))[argc];
#else
  (void)argc;
  return 0;
#endif
}

Determining if the strlcat exist failed with the following output:
Change Dir: /home/afar0308/Documents/GE-Game-Engine/build/CMakeFiles/CMakeTmp

Run Build Command:"/usr/bin/ninja" "cmTC_e48b6"
[1/2] Building C object CMakeFiles/cmTC_e48b6.dir/CheckSymbolExists.c.o
FAILED: CMakeFiles/cmTC_e48b6.dir/CheckSymbolExists.c.o 
/usr/bin/x86_64-linux-gnu-gcc-7   -idirafter "/home/afar0308/Documents/GE-Game-Engine/GE/SDL2-2.0.14/src/video/khronos" -o CMakeFiles/cmTC_e48b6.dir/CheckSymbolExists.c.o   -c CheckSymbolExists.c
CheckSymbolExists.c: In function ‘main’:
CheckSymbolExists.c:14:19: error: ‘strlcat’ undeclared (first use in this function); did you mean ‘strncat’?
   return ((int*)(&strlcat))[argc];
                   ^~~~~~~
                   strncat
CheckSymbolExists.c:14:19: note: each undeclared identifier is reported only once for each function it appears in
ninja: build stopped: subcommand failed.

File /home/afar0308/Documents/GE-Game-Engine/build/CMakeFiles/CMakeTmp/CheckSymbolExists.c:
/* */
#include <stddef.h>
#include <stdarg.h>
#include <stdlib.h>
#include <string.h>
#include <stdio.h>
#include <wchar.h>
#include <float.h>

int main(int argc, char** argv)
{
  (void)argv;
#ifndef strlcat
  return ((int*)(&strlcat))[argc];
#else
  (void)argc;
  return 0;
#endif
}

Determining if the _strrev exist failed with the following output:
Change Dir: /home/afar0308/Documents/GE-Game-Engine/build/CMakeFiles/CMakeTmp

Run Build Command:"/usr/bin/ninja" "cmTC_ef836"
[1/2] Building C object CMakeFiles/cmTC_ef836.dir/CheckSymbolExists.c.o
FAILED: CMakeFiles/cmTC_ef836.dir/CheckSymbolExists.c.o 
/usr/bin/x86_64-linux-gnu-gcc-7   -idirafter "/home/afar0308/Documents/GE-Game-Engine/GE/SDL2-2.0.14/src/video/khronos" -o CMakeFiles/cmTC_ef836.dir/CheckSymbolExists.c.o   -c CheckSymbolExists.c
CheckSymbolExists.c: In function ‘main’:
CheckSymbolExists.c:14:19: error: ‘_strrev’ undeclared (first use in this function); did you mean ‘strsep’?
   return ((int*)(&_strrev))[argc];
                   ^~~~~~~
                   strsep
CheckSymbolExists.c:14:19: note: each undeclared identifier is reported only once for each function it appears in
ninja: build stopped: subcommand failed.

File /home/afar0308/Documents/GE-Game-Engine/build/CMakeFiles/CMakeTmp/CheckSymbolExists.c:
/* */
#include <stddef.h>
#include <stdarg.h>
#include <stdlib.h>
#include <string.h>
#include <stdio.h>
#include <wchar.h>
#include <float.h>

int main(int argc, char** argv)
{
  (void)argv;
#ifndef _strrev
  return ((int*)(&_strrev))[argc];
#else
  (void)argc;
  return 0;
#endif
}

Determining if the _strupr exist failed with the following output:
Change Dir: /home/afar0308/Documents/GE-Game-Engine/build/CMakeFiles/CMakeTmp

Run Build Command:"/usr/bin/ninja" "cmTC_ff61c"
[1/2] Building C object CMakeFiles/cmTC_ff61c.dir/CheckSymbolExists.c.o
FAILED: CMakeFiles/cmTC_ff61c.dir/CheckSymbolExists.c.o 
/usr/bin/x86_64-linux-gnu-gcc-7   -idirafter "/home/afar0308/Documents/GE-Game-Engine/GE/SDL2-2.0.14/src/video/khronos" -o CMakeFiles/cmTC_ff61c.dir/CheckSymbolExists.c.o   -c CheckSymbolExists.c
CheckSymbolExists.c: In function ‘main’:
CheckSymbolExists.c:14:19: error: ‘_strupr’ undeclared (first use in this function); did you mean ‘strstr’?
   return ((int*)(&_strupr))[argc];
                   ^~~~~~~
                   strstr
CheckSymbolExists.c:14:19: note: each undeclared identifier is reported only once for each function it appears in
ninja: build stopped: subcommand failed.

File /home/afar0308/Documents/GE-Game-Engine/build/CMakeFiles/CMakeTmp/CheckSymbolExists.c:
/* */
#include <stddef.h>
#include <stdarg.h>
#include <stdlib.h>
#include <string.h>
#include <stdio.h>
#include <wchar.h>
#include <float.h>

int main(int argc, char** argv)
{
  (void)argv;
#ifndef _strupr
  return ((int*)(&_strupr))[argc];
#else
  (void)argc;
  return 0;
#endif
}

Determining if the _strlwr exist failed with the following output:
Change Dir: /home/afar0308/Documents/GE-Game-Engine/build/CMakeFiles/CMakeTmp

Run Build Command:"/usr/bin/ninja" "cmTC_aa767"
[1/2] Building C object CMakeFiles/cmTC_aa767.dir/CheckSymbolExists.c.o
FAILED: CMakeFiles/cmTC_aa767.dir/CheckSymbolExists.c.o 
/usr/bin/x86_64-linux-gnu-gcc-7   -idirafter "/home/afar0308/Documents/GE-Game-Engine/GE/SDL2-2.0.14/src/video/khronos" -o CMakeFiles/cmTC_aa767.dir/CheckSymbolExists.c.o   -c CheckSymbolExists.c
CheckSymbolExists.c: In function ‘main’:
CheckSymbolExists.c:14:19: error: ‘_strlwr’ undeclared (first use in this function); did you mean ‘strlen’?
   return ((int*)(&_strlwr))[argc];
                   ^~~~~~~
                   strlen
CheckSymbolExists.c:14:19: note: each undeclared identifier is reported only once for each function it appears in
ninja: build stopped: subcommand failed.

File /home/afar0308/Documents/GE-Game-Engine/build/CMakeFiles/CMakeTmp/CheckSymbolExists.c:
/* */
#include <stddef.h>
#include <stdarg.h>
#include <stdlib.h>
#include <string.h>
#include <stdio.h>
#include <wchar.h>
#include <float.h>

int main(int argc, char** argv)
{
  (void)argv;
#ifndef _strlwr
  return ((int*)(&_strlwr))[argc];
#else
  (void)argc;
  return 0;
#endif
}

Determining if the itoa exist failed with the following output:
Change Dir: /home/afar0308/Documents/GE-Game-Engine/build/CMakeFiles/CMakeTmp

Run Build Command:"/usr/bin/ninja" "cmTC_9f72b"
[1/2] Building C object CMakeFiles/cmTC_9f72b.dir/CheckSymbolExists.c.o
FAILED: CMakeFiles/cmTC_9f72b.dir/CheckSymbolExists.c.o 
/usr/bin/x86_64-linux-gnu-gcc-7   -idirafter "/home/afar0308/Documents/GE-Game-Engine/GE/SDL2-2.0.14/src/video/khronos" -o CMakeFiles/cmTC_9f72b.dir/CheckSymbolExists.c.o   -c CheckSymbolExists.c
CheckSymbolExists.c: In function ‘main’:
CheckSymbolExists.c:14:19: error: ‘itoa’ undeclared (first use in this function); did you mean ‘atol’?
   return ((int*)(&itoa))[argc];
                   ^~~~
                   atol
CheckSymbolExists.c:14:19: note: each undeclared identifier is reported only once for each function it appears in
ninja: build stopped: subcommand failed.

File /home/afar0308/Documents/GE-Game-Engine/build/CMakeFiles/CMakeTmp/CheckSymbolExists.c:
/* */
#include <stddef.h>
#include <stdarg.h>
#include <stdlib.h>
#include <string.h>
#include <stdio.h>
#include <wchar.h>
#include <float.h>

int main(int argc, char** argv)
{
  (void)argv;
#ifndef itoa
  return ((int*)(&itoa))[argc];
#else
  (void)argc;
  return 0;
#endif
}

Determining if the _ltoa exist failed with the following output:
Change Dir: /home/afar0308/Documents/GE-Game-Engine/build/CMakeFiles/CMakeTmp

Run Build Command:"/usr/bin/ninja" "cmTC_3afc9"
[1/2] Building C object CMakeFiles/cmTC_3afc9.dir/CheckSymbolExists.c.o
FAILED: CMakeFiles/cmTC_3afc9.dir/CheckSymbolExists.c.o 
/usr/bin/x86_64-linux-gnu-gcc-7   -idirafter "/home/afar0308/Documents/GE-Game-Engine/GE/SDL2-2.0.14/src/video/khronos" -o CMakeFiles/cmTC_3afc9.dir/CheckSymbolExists.c.o   -c CheckSymbolExists.c
CheckSymbolExists.c: In function ‘main’:
CheckSymbolExists.c:14:19: error: ‘_ltoa’ undeclared (first use in this function)
   return ((int*)(&_ltoa))[argc];
                   ^~~~~
CheckSymbolExists.c:14:19: note: each undeclared identifier is reported only once for each function it appears in
ninja: build stopped: subcommand failed.

File /home/afar0308/Documents/GE-Game-Engine/build/CMakeFiles/CMakeTmp/CheckSymbolExists.c:
/* */
#include <stddef.h>
#include <stdarg.h>
#include <stdlib.h>
#include <string.h>
#include <stdio.h>
#include <wchar.h>
#include <float.h>

int main(int argc, char** argv)
{
  (void)argv;
#ifndef _ltoa
  return ((int*)(&_ltoa))[argc];
#else
  (void)argc;
  return 0;
#endif
}

Determining if the _uitoa exist failed with the following output:
Change Dir: /home/afar0308/Documents/GE-Game-Engine/build/CMakeFiles/CMakeTmp

Run Build Command:"/usr/bin/ninja" "cmTC_ca3f4"
[1/2] Building C object CMakeFiles/cmTC_ca3f4.dir/CheckSymbolExists.c.o
FAILED: CMakeFiles/cmTC_ca3f4.dir/CheckSymbolExists.c.o 
/usr/bin/x86_64-linux-gnu-gcc-7   -idirafter "/home/afar0308/Documents/GE-Game-Engine/GE/SDL2-2.0.14/src/video/khronos" -o CMakeFiles/cmTC_ca3f4.dir/CheckSymbolExists.c.o   -c CheckSymbolExists.c
CheckSymbolExists.c: In function ‘main’:
CheckSymbolExists.c:14:19: error: ‘_uitoa’ undeclared (first use in this function)
   return ((int*)(&_uitoa))[argc];
                   ^~~~~~
CheckSymbolExists.c:14:19: note: each undeclared identifier is reported only once for each function it appears in
ninja: build stopped: subcommand failed.

File /home/afar0308/Documents/GE-Game-Engine/build/CMakeFiles/CMakeTmp/CheckSymbolExists.c:
/* */
#include <stddef.h>
#include <stdarg.h>
#include <stdlib.h>
#include <string.h>
#include <stdio.h>
#include <wchar.h>
#include <float.h>

int main(int argc, char** argv)
{
  (void)argv;
#ifndef _uitoa
  return ((int*)(&_uitoa))[argc];
#else
  (void)argc;
  return 0;
#endif
}

Determining if the _ultoa exist failed with the following output:
Change Dir: /home/afar0308/Documents/GE-Game-Engine/build/CMakeFiles/CMakeTmp

Run Build Command:"/usr/bin/ninja" "cmTC_2138e"
[1/2] Building C object CMakeFiles/cmTC_2138e.dir/CheckSymbolExists.c.o
FAILED: CMakeFiles/cmTC_2138e.dir/CheckSymbolExists.c.o 
/usr/bin/x86_64-linux-gnu-gcc-7   -idirafter "/home/afar0308/Documents/GE-Game-Engine/GE/SDL2-2.0.14/src/video/khronos" -o CMakeFiles/cmTC_2138e.dir/CheckSymbolExists.c.o   -c CheckSymbolExists.c
CheckSymbolExists.c: In function ‘main’:
CheckSymbolExists.c:14:19: error: ‘_ultoa’ undeclared (first use in this function)
   return ((int*)(&_ultoa))[argc];
                   ^~~~~~
CheckSymbolExists.c:14:19: note: each undeclared identifier is reported only once for each function it appears in
ninja: build stopped: subcommand failed.

File /home/afar0308/Documents/GE-Game-Engine/build/CMakeFiles/CMakeTmp/CheckSymbolExists.c:
/* */
#include <stddef.h>
#include <stdarg.h>
#include <stdlib.h>
#include <string.h>
#include <stdio.h>
#include <wchar.h>
#include <float.h>

int main(int argc, char** argv)
{
  (void)argv;
#ifndef _ultoa
  return ((int*)(&_ultoa))[argc];
#else
  (void)argc;
  return 0;
#endif
}

Determining if the _i64toa exist failed with the following output:
Change Dir: /home/afar0308/Documents/GE-Game-Engine/build/CMakeFiles/CMakeTmp

Run Build Command:"/usr/bin/ninja" "cmTC_d5cf2"
[1/2] Building C object CMakeFiles/cmTC_d5cf2.dir/CheckSymbolExists.c.o
FAILED: CMakeFiles/cmTC_d5cf2.dir/CheckSymbolExists.c.o 
/usr/bin/x86_64-linux-gnu-gcc-7   -idirafter "/home/afar0308/Documents/GE-Game-Engine/GE/SDL2-2.0.14/src/video/khronos" -o CMakeFiles/cmTC_d5cf2.dir/CheckSymbolExists.c.o   -c CheckSymbolExists.c
CheckSymbolExists.c: In function ‘main’:
CheckSymbolExists.c:14:19: error: ‘_i64toa’ undeclared (first use in this function); did you mean ‘be64toh’?
   return ((int*)(&_i64toa))[argc];
                   ^~~~~~~
                   be64toh
CheckSymbolExists.c:14:19: note: each undeclared identifier is reported only once for each function it appears in
ninja: build stopped: subcommand failed.

File /home/afar0308/Documents/GE-Game-Engine/build/CMakeFiles/CMakeTmp/CheckSymbolExists.c:
/* */
#include <stddef.h>
#include <stdarg.h>
#include <stdlib.h>
#include <string.h>
#include <stdio.h>
#include <wchar.h>
#include <float.h>

int main(int argc, char** argv)
{
  (void)argv;
#ifndef _i64toa
  return ((int*)(&_i64toa))[argc];
#else
  (void)argc;
  return 0;
#endif
}

Determining if the _ui64toa exist failed with the following output:
Change Dir: /home/afar0308/Documents/GE-Game-Engine/build/CMakeFiles/CMakeTmp

Run Build Command:"/usr/bin/ninja" "cmTC_7db36"
[1/2] Building C object CMakeFiles/cmTC_7db36.dir/CheckSymbolExists.c.o
FAILED: CMakeFiles/cmTC_7db36.dir/CheckSymbolExists.c.o 
/usr/bin/x86_64-linux-gnu-gcc-7   -idirafter "/home/afar0308/Documents/GE-Game-Engine/GE/SDL2-2.0.14/src/video/khronos" -o CMakeFiles/cmTC_7db36.dir/CheckSymbolExists.c.o   -c CheckSymbolExists.c
CheckSymbolExists.c: In function ‘main’:
CheckSymbolExists.c:14:19: error: ‘_ui64toa’ undeclared (first use in this function); did you mean ‘be64toh’?
   return ((int*)(&_ui64toa))[argc];
                   ^~~~~~~~
                   be64toh
CheckSymbolExists.c:14:19: note: each undeclared identifier is reported only once for each function it appears in
ninja: build stopped: subcommand failed.

File /home/afar0308/Documents/GE-Game-Engine/build/CMakeFiles/CMakeTmp/CheckSymbolExists.c:
/* */
#include <stddef.h>
#include <stdarg.h>
#include <stdlib.h>
#include <string.h>
#include <stdio.h>
#include <wchar.h>
#include <float.h>

int main(int argc, char** argv)
{
  (void)argv;
#ifndef _ui64toa
  return ((int*)(&_ui64toa))[argc];
#else
  (void)argc;
  return 0;
#endif
}

Determining if the _stricmp exist failed with the following output:
Change Dir: /home/afar0308/Documents/GE-Game-Engine/build/CMakeFiles/CMakeTmp

Run Build Command:"/usr/bin/ninja" "cmTC_02caa"
[1/2] Building C object CMakeFiles/cmTC_02caa.dir/CheckSymbolExists.c.o
FAILED: CMakeFiles/cmTC_02caa.dir/CheckSymbolExists.c.o 
/usr/bin/x86_64-linux-gnu-gcc-7   -idirafter "/home/afar0308/Documents/GE-Game-Engine/GE/SDL2-2.0.14/src/video/khronos" -o CMakeFiles/cmTC_02caa.dir/CheckSymbolExists.c.o   -c CheckSymbolExists.c
CheckSymbolExists.c: In function ‘main’:
CheckSymbolExists.c:14:19: error: ‘_stricmp’ undeclared (first use in this function); did you mean ‘strncmp’?
   return ((int*)(&_stricmp))[argc];
                   ^~~~~~~~
                   strncmp
CheckSymbolExists.c:14:19: note: each undeclared identifier is reported only once for each function it appears in
ninja: build stopped: subcommand failed.

File /home/afar0308/Documents/GE-Game-Engine/build/CMakeFiles/CMakeTmp/CheckSymbolExists.c:
/* */
#include <stddef.h>
#include <stdarg.h>
#include <stdlib.h>
#include <string.h>
#include <stdio.h>
#include <wchar.h>
#include <float.h>

int main(int argc, char** argv)
{
  (void)argv;
#ifndef _stricmp
  return ((int*)(&_stricmp))[argc];
#else
  (void)argc;
  return 0;
#endif
}

Determining if the _strnicmp exist failed with the following output:
Change Dir: /home/afar0308/Documents/GE-Game-Engine/build/CMakeFiles/CMakeTmp

Run Build Command:"/usr/bin/ninja" "cmTC_8b6db"
[1/2] Building C object CMakeFiles/cmTC_8b6db.dir/CheckSymbolExists.c.o
FAILED: CMakeFiles/cmTC_8b6db.dir/CheckSymbolExists.c.o 
/usr/bin/x86_64-linux-gnu-gcc-7   -idirafter "/home/afar0308/Documents/GE-Game-Engine/GE/SDL2-2.0.14/src/video/khronos" -o CMakeFiles/cmTC_8b6db.dir/CheckSymbolExists.c.o   -c CheckSymbolExists.c
CheckSymbolExists.c: In function ‘main’:
CheckSymbolExists.c:14:19: error: ‘_strnicmp’ undeclared (first use in this function); did you mean ‘strncmp’?
   return ((int*)(&_strnicmp))[argc];
                   ^~~~~~~~~
                   strncmp
CheckSymbolExists.c:14:19: note: each undeclared identifier is reported only once for each function it appears in
ninja: build stopped: subcommand failed.

File /home/afar0308/Documents/GE-Game-Engine/build/CMakeFiles/CMakeTmp/CheckSymbolExists.c:
/* */
#include <stddef.h>
#include <stdarg.h>
#include <stdlib.h>
#include <string.h>
#include <stdio.h>
#include <wchar.h>
#include <float.h>

int main(int argc, char** argv)
{
  (void)argv;
#ifndef _strnicmp
  return ((int*)(&_strnicmp))[argc];
#else
  (void)argc;
  return 0;
#endif
}

Determining if the wcslcat exist failed with the following output:
Change Dir: /home/afar0308/Documents/GE-Game-Engine/build/CMakeFiles/CMakeTmp

Run Build Command:"/usr/bin/ninja" "cmTC_dde37"
[1/2] Building C object CMakeFiles/cmTC_dde37.dir/CheckSymbolExists.c.o
FAILED: CMakeFiles/cmTC_dde37.dir/CheckSymbolExists.c.o 
/usr/bin/x86_64-linux-gnu-gcc-7   -idirafter "/home/afar0308/Documents/GE-Game-Engine/GE/SDL2-2.0.14/src/video/khronos" -o CMakeFiles/cmTC_dde37.dir/CheckSymbolExists.c.o   -c CheckSymbolExists.c
CheckSymbolExists.c: In function ‘main’:
CheckSymbolExists.c:14:19: error: ‘wcslcat’ undeclared (first use in this function); did you mean ‘wcsncat’?
   return ((int*)(&wcslcat))[argc];
                   ^~~~~~~
                   wcsncat
CheckSymbolExists.c:14:19: note: each undeclared identifier is reported only once for each function it appears in
ninja: build stopped: subcommand failed.

File /home/afar0308/Documents/GE-Game-Engine/build/CMakeFiles/CMakeTmp/CheckSymbolExists.c:
/* */
#include <stddef.h>
#include <stdarg.h>
#include <stdlib.h>
#include <string.h>
#include <stdio.h>
#include <wchar.h>
#include <float.h>

int main(int argc, char** argv)
{
  (void)argv;
#ifndef wcslcat
  return ((int*)(&wcslcat))[argc];
#else
  (void)argc;
  return 0;
#endif
}

Determining if the wcslcpy exist failed with the following output:
Change Dir: /home/afar0308/Documents/GE-Game-Engine/build/CMakeFiles/CMakeTmp

Run Build Command:"/usr/bin/ninja" "cmTC_3dcc4"
[1/2] Building C object CMakeFiles/cmTC_3dcc4.dir/CheckSymbolExists.c.o
FAILED: CMakeFiles/cmTC_3dcc4.dir/CheckSymbolExists.c.o 
/usr/bin/x86_64-linux-gnu-gcc-7   -idirafter "/home/afar0308/Documents/GE-Game-Engine/GE/SDL2-2.0.14/src/video/khronos" -o CMakeFiles/cmTC_3dcc4.dir/CheckSymbolExists.c.o   -c CheckSymbolExists.c
CheckSymbolExists.c: In function ‘main’:
CheckSymbolExists.c:14:19: error: ‘wcslcpy’ undeclared (first use in this function); did you mean ‘wcsncpy’?
   return ((int*)(&wcslcpy))[argc];
                   ^~~~~~~
                   wcsncpy
CheckSymbolExists.c:14:19: note: each undeclared identifier is reported only once for each function it appears in
ninja: build stopped: subcommand failed.

File /home/afar0308/Documents/GE-Game-Engine/build/CMakeFiles/CMakeTmp/CheckSymbolExists.c:
/* */
#include <stddef.h>
#include <stdarg.h>
#include <stdlib.h>
#include <string.h>
#include <stdio.h>
#include <wchar.h>
#include <float.h>

int main(int argc, char** argv)
{
  (void)argv;
#ifndef wcslcpy
  return ((int*)(&wcslcpy))[argc];
#else
  (void)argc;
  return 0;
#endif
}

Determining if the _wcsicmp exist failed with the following output:
Change Dir: /home/afar0308/Documents/GE-Game-Engine/build/CMakeFiles/CMakeTmp

Run Build Command:"/usr/bin/ninja" "cmTC_f7384"
[1/2] Building C object CMakeFiles/cmTC_f7384.dir/CheckSymbolExists.c.o
FAILED: CMakeFiles/cmTC_f7384.dir/CheckSymbolExists.c.o 
/usr/bin/x86_64-linux-gnu-gcc-7   -idirafter "/home/afar0308/Documents/GE-Game-Engine/GE/SDL2-2.0.14/src/video/khronos" -o CMakeFiles/cmTC_f7384.dir/CheckSymbolExists.c.o   -c CheckSymbolExists.c
CheckSymbolExists.c: In function ‘main’:
CheckSymbolExists.c:14:19: error: ‘_wcsicmp’ undeclared (first use in this function); did you mean ‘wcsncmp’?
   return ((int*)(&_wcsicmp))[argc];
                   ^~~~~~~~
                   wcsncmp
CheckSymbolExists.c:14:19: note: each undeclared identifier is reported only once for each function it appears in
ninja: build stopped: subcommand failed.

File /home/afar0308/Documents/GE-Game-Engine/build/CMakeFiles/CMakeTmp/CheckSymbolExists.c:
/* */
#include <stddef.h>
#include <stdarg.h>
#include <stdlib.h>
#include <string.h>
#include <stdio.h>
#include <wchar.h>
#include <float.h>

int main(int argc, char** argv)
{
  (void)argv;
#ifndef _wcsicmp
  return ((int*)(&_wcsicmp))[argc];
#else
  (void)argc;
  return 0;
#endif
}

Determining if the _wcsnicmp exist failed with the following output:
Change Dir: /home/afar0308/Documents/GE-Game-Engine/build/CMakeFiles/CMakeTmp

Run Build Command:"/usr/bin/ninja" "cmTC_2044e"
[1/2] Building C object CMakeFiles/cmTC_2044e.dir/CheckSymbolExists.c.o
FAILED: CMakeFiles/cmTC_2044e.dir/CheckSymbolExists.c.o 
/usr/bin/x86_64-linux-gnu-gcc-7   -idirafter "/home/afar0308/Documents/GE-Game-Engine/GE/SDL2-2.0.14/src/video/khronos" -o CMakeFiles/cmTC_2044e.dir/CheckSymbolExists.c.o   -c CheckSymbolExists.c
CheckSymbolExists.c: In function ‘main’:
CheckSymbolExists.c:14:19: error: ‘_wcsnicmp’ undeclared (first use in this function); did you mean ‘wcsncmp’?
   return ((int*)(&_wcsnicmp))[argc];
                   ^~~~~~~~~
                   wcsncmp
CheckSymbolExists.c:14:19: note: each undeclared identifier is reported only once for each function it appears in
ninja: build stopped: subcommand failed.

File /home/afar0308/Documents/GE-Game-Engine/build/CMakeFiles/CMakeTmp/CheckSymbolExists.c:
/* */
#include <stddef.h>
#include <stdarg.h>
#include <stdlib.h>
#include <string.h>
#include <stdio.h>
#include <wchar.h>
#include <float.h>

int main(int argc, char** argv)
{
  (void)argv;
#ifndef _wcsnicmp
  return ((int*)(&_wcsnicmp))[argc];
#else
  (void)argc;
  return 0;
#endif
}

Determining if the fopen64 exist failed with the following output:
Change Dir: /home/afar0308/Documents/GE-Game-Engine/build/CMakeFiles/CMakeTmp

Run Build Command:"/usr/bin/ninja" "cmTC_add72"
[1/2] Building C object CMakeFiles/cmTC_add72.dir/CheckSymbolExists.c.o
FAILED: CMakeFiles/cmTC_add72.dir/CheckSymbolExists.c.o 
/usr/bin/x86_64-linux-gnu-gcc-7   -idirafter "/home/afar0308/Documents/GE-Game-Engine/GE/SDL2-2.0.14/src/video/khronos" -o CMakeFiles/cmTC_add72.dir/CheckSymbolExists.c.o   -c CheckSymbolExists.c
CheckSymbolExists.c: In function ‘main’:
CheckSymbolExists.c:14:19: error: ‘fopen64’ undeclared (first use in this function); did you mean ‘fopen’?
   return ((int*)(&fopen64))[argc];
                   ^~~~~~~
                   fopen
CheckSymbolExists.c:14:19: note: each undeclared identifier is reported only once for each function it appears in
ninja: build stopped: subcommand failed.

File /home/afar0308/Documents/GE-Game-Engine/build/CMakeFiles/CMakeTmp/CheckSymbolExists.c:
/* */
#include <stddef.h>
#include <stdarg.h>
#include <stdlib.h>
#include <string.h>
#include <stdio.h>
#include <wchar.h>
#include <float.h>

int main(int argc, char** argv)
{
  (void)argv;
#ifndef fopen64
  return ((int*)(&fopen64))[argc];
#else
  (void)argc;
  return 0;
#endif
}

Determining if the fseeko64 exist failed with the following output:
Change Dir: /home/afar0308/Documents/GE-Game-Engine/build/CMakeFiles/CMakeTmp

Run Build Command:"/usr/bin/ninja" "cmTC_dadff"
[1/2] Building C object CMakeFiles/cmTC_dadff.dir/CheckSymbolExists.c.o
FAILED: CMakeFiles/cmTC_dadff.dir/CheckSymbolExists.c.o 
/usr/bin/x86_64-linux-gnu-gcc-7   -idirafter "/home/afar0308/Documents/GE-Game-Engine/GE/SDL2-2.0.14/src/video/khronos" -o CMakeFiles/cmTC_dadff.dir/CheckSymbolExists.c.o   -c CheckSymbolExists.c
CheckSymbolExists.c: In function ‘main’:
CheckSymbolExists.c:14:19: error: ‘fseeko64’ undeclared (first use in this function); did you mean ‘fseeko’?
   return ((int*)(&fseeko64))[argc];
                   ^~~~~~~~
                   fseeko
CheckSymbolExists.c:14:19: note: each undeclared identifier is reported only once for each function it appears in
ninja: build stopped: subcommand failed.

File /home/afar0308/Documents/GE-Game-Engine/build/CMakeFiles/CMakeTmp/CheckSymbolExists.c:
/* */
#include <stddef.h>
#include <stdarg.h>
#include <stdlib.h>
#include <string.h>
#include <stdio.h>
#include <wchar.h>
#include <float.h>

int main(int argc, char** argv)
{
  (void)argv;
#ifndef fseeko64
  return ((int*)(&fseeko64))[argc];
#else
  (void)argc;
  return 0;
#endif
}

Determining if the sysctlbyname exist failed with the following output:
Change Dir: /home/afar0308/Documents/GE-Game-Engine/build/CMakeFiles/CMakeTmp

Run Build Command:"/usr/bin/ninja" "cmTC_e3623"
[1/2] Building C object CMakeFiles/cmTC_e3623.dir/CheckSymbolExists.c.o
FAILED: CMakeFiles/cmTC_e3623.dir/CheckSymbolExists.c.o 
/usr/bin/x86_64-linux-gnu-gcc-7   -idirafter "/home/afar0308/Documents/GE-Game-Engine/GE/SDL2-2.0.14/src/video/khronos" -o CMakeFiles/cmTC_e3623.dir/CheckSymbolExists.c.o   -c CheckSymbolExists.c
CheckSymbolExists.c: In function ‘main’:
CheckSymbolExists.c:9:19: error: ‘sysctlbyname’ undeclared (first use in this function); did you mean ‘sysctl’?
   return ((int*)(&sysctlbyname))[argc];
                   ^~~~~~~~~~~~
                   sysctl
CheckSymbolExists.c:9:19: note: each undeclared identifier is reported only once for each function it appears in
ninja: build stopped: subcommand failed.

File /home/afar0308/Documents/GE-Game-Engine/build/CMakeFiles/CMakeTmp/CheckSymbolExists.c:
/* */
#include <sys/types.h>
#include <sys/sysctl.h>

int main(int argc, char** argv)
{
  (void)argv;
#ifndef sysctlbyname
  return ((int*)(&sysctlbyname))[argc];
#else
  (void)argc;
  return 0;
#endif
}

Determining if the elf_aux_info exist failed with the following output:
Change Dir: /home/afar0308/Documents/GE-Game-Engine/build/CMakeFiles/CMakeTmp

Run Build Command:"/usr/bin/ninja" "cmTC_277df"
[1/2] Building C object CMakeFiles/cmTC_277df.dir/CheckSymbolExists.c.o
FAILED: CMakeFiles/cmTC_277df.dir/CheckSymbolExists.c.o 
/usr/bin/x86_64-linux-gnu-gcc-7   -idirafter "/home/afar0308/Documents/GE-Game-Engine/GE/SDL2-2.0.14/src/video/khronos" -o CMakeFiles/cmTC_277df.dir/CheckSymbolExists.c.o   -c CheckSymbolExists.c
CheckSymbolExists.c: In function ‘main’:
CheckSymbolExists.c:8:19: error: ‘elf_aux_info’ undeclared (first use in this function)
   return ((int*)(&elf_aux_info))[argc];
                   ^~~~~~~~~~~~
CheckSymbolExists.c:8:19: note: each undeclared identifier is reported only once for each function it appears in
ninja: build stopped: subcommand failed.

File /home/afar0308/Documents/GE-Game-Engine/build/CMakeFiles/CMakeTmp/CheckSymbolExists.c:
/* */
#include <sys/auxv.h>

int main(int argc, char** argv)
{
  (void)argv;
#ifndef elf_aux_info
  return ((int*)(&elf_aux_info))[argc];
#else
  (void)argc;
  return 0;
#endif
}

Determining if the function iconv_open exists in the iconv failed with the following output:
Change Dir: /home/afar0308/Documents/GE-Game-Engine/build/CMakeFiles/CMakeTmp

Run Build Command:"/usr/bin/ninja" "cmTC_91209"
[1/2] Building C object CMakeFiles/cmTC_91209.dir/CheckFunctionExists.c.o
[2/2] Linking C executable cmTC_91209
FAILED: cmTC_91209 
: && /usr/bin/x86_64-linux-gnu-gcc-7 -idirafter "/home/afar0308/Documents/GE-Game-Engine/GE/SDL2-2.0.14/src/video/khronos" -DCHECK_FUNCTION_EXISTS=iconv_open  -rdynamic CMakeFiles/cmTC_91209.dir/CheckFunctionExists.c.o  -o cmTC_91209  -liconv && :
/usr/bin/ld: cannot find -liconv
collect2: error: ld returned 1 exit status
ninja: build stopped: subcommand failed.


Determining if the alloca exist failed with the following output:
Change Dir: /home/afar0308/Documents/GE-Game-Engine/build/CMakeFiles/CMakeTmp

Run Build Command:"/usr/bin/ninja" "cmTC_d9ea3"
[1/2] Building C object CMakeFiles/cmTC_d9ea3.dir/CheckSymbolExists.c.o
FAILED: CMakeFiles/cmTC_d9ea3.dir/CheckSymbolExists.c.o 
/usr/bin/x86_64-linux-gnu-gcc-7   -idirafter "/home/afar0308/Documents/GE-Game-Engine/GE/SDL2-2.0.14/src/video/khronos" -o CMakeFiles/cmTC_d9ea3.dir/CheckSymbolExists.c.o   -c CheckSymbolExists.c
CheckSymbolExists.c: In function ‘main’:
CheckSymbolExists.c:8:19: error: ‘alloca’ undeclared (first use in this function); did you mean ‘valloc’?
   return ((int*)(&alloca))[argc];
                   ^~~~~~
                   valloc
CheckSymbolExists.c:8:19: note: each undeclared identifier is reported only once for each function it appears in
ninja: build stopped: subcommand failed.

File /home/afar0308/Documents/GE-Game-Engine/build/CMakeFiles/CMakeTmp/CheckSymbolExists.c:
/* */
#include <malloc.h>

int main(int argc, char** argv)
{
  (void)argv;
#ifndef alloca
  return ((int*)(&alloca))[argc];
#else
  (void)argc;
  return 0;
#endif
}

Determining if the dlopen exist failed with the following output:
Change Dir: /home/afar0308/Documents/GE-Game-Engine/build/CMakeFiles/CMakeTmp

Run Build Command:"/usr/bin/ninja" "cmTC_bbdfa"
[1/2] Building C object CMakeFiles/cmTC_bbdfa.dir/CheckSymbolExists.c.o
[2/2] Linking C executable cmTC_bbdfa
FAILED: cmTC_bbdfa 
: && /usr/bin/x86_64-linux-gnu-gcc-7 -idirafter "/home/afar0308/Documents/GE-Game-Engine/GE/SDL2-2.0.14/src/video/khronos"  -rdynamic CMakeFiles/cmTC_bbdfa.dir/CheckSymbolExists.c.o  -o cmTC_bbdfa   && :
CMakeFiles/cmTC_bbdfa.dir/CheckSymbolExists.c.o: In function `main':
CheckSymbolExists.c:(.text+0x1b): undefined reference to `dlopen'
collect2: error: ld returned 1 exit status
ninja: build stopped: subcommand failed.

File /home/afar0308/Documents/GE-Game-Engine/build/CMakeFiles/CMakeTmp/CheckSymbolExists.c:
/* */
#include <dlfcn.h>

int main(int argc, char** argv)
{
  (void)argv;
#ifndef dlopen
  return ((int*)(&dlopen))[argc];
#else
  (void)argc;
  return 0;
#endif
}

Determining if the include file audio/audiolib.h exists failed with the following output:
Change Dir: /home/afar0308/Documents/GE-Game-Engine/build/CMakeFiles/CMakeTmp

Run Build Command:"/usr/bin/ninja" "cmTC_fe1c3"
[1/2] Building C object CMakeFiles/cmTC_fe1c3.dir/CheckIncludeFile.c.o
FAILED: CMakeFiles/cmTC_fe1c3.dir/CheckIncludeFile.c.o 
/usr/bin/x86_64-linux-gnu-gcc-7   -idirafter "/home/afar0308/Documents/GE-Game-Engine/GE/SDL2-2.0.14/src/video/khronos" -o CMakeFiles/cmTC_fe1c3.dir/CheckIncludeFile.c.o   -c CheckIncludeFile.c
CheckIncludeFile.c:1:10: fatal error: audio/audiolib.h: No such file or directory
 #include <audio/audiolib.h>
          ^~~~~~~~~~~~~~~~~~
compilation terminated.
ninja: build stopped: subcommand failed.


Determining if the include file samplerate.h exists failed with the following output:
Change Dir: /home/afar0308/Documents/GE-Game-Engine/build/CMakeFiles/CMakeTmp

Run Build Command:"/usr/bin/ninja" "cmTC_f455c"
[1/2] Building C object CMakeFiles/cmTC_f455c.dir/CheckIncludeFile.c.o
FAILED: CMakeFiles/cmTC_f455c.dir/CheckIncludeFile.c.o 
/usr/bin/x86_64-linux-gnu-gcc-7   -idirafter "/home/afar0308/Documents/GE-Game-Engine/GE/SDL2-2.0.14/src/video/khronos" -o CMakeFiles/cmTC_f455c.dir/CheckIncludeFile.c.o   -c CheckIncludeFile.c
CheckIncludeFile.c:1:10: fatal error: samplerate.h: No such file or directory
 #include <samplerate.h>
          ^~~~~~~~~~~~~~
compilation terminated.
ninja: build stopped: subcommand failed.


Performing C SOURCE FILE Test HAVE_VIDEO_RPI failed with the following output:
Change Dir: /home/afar0308/Documents/GE-Game-Engine/build/CMakeFiles/CMakeTmp

Run Build Command:"/usr/bin/ninja" "cmTC_65dc8"
[1/2] Building C object CMakeFiles/cmTC_65dc8.dir/src.c.o
FAILED: CMakeFiles/cmTC_65dc8.dir/src.c.o 
/usr/bin/x86_64-linux-gnu-gcc-7   -idirafter "/home/afar0308/Documents/GE-Game-Engine/GE/SDL2-2.0.14/src/video/khronos" -DHAVE_VIDEO_RPI  -I/opt/vc/include/interface/vmcs_host/linux/ -I/opt/vc/include/interface/vcos/pthreads -I/opt/vc/include  -L/opt/vc/lib -o CMakeFiles/cmTC_65dc8.dir/src.c.o   -c src.c
src.c:2:18: fatal error: bcm_host.h: No such file or directory
         #include <bcm_host.h>
                  ^~~~~~~~~~~~
compilation terminated.
ninja: build stopped: subcommand failed.

Source file was:

        #include <bcm_host.h>
        int main(int argc, char **argv) {}
Performing C SOURCE FILE Test HAVE_VIDEO_VIVANTE_VDK failed with the following output:
Change Dir: /home/afar0308/Documents/GE-Game-Engine/build/CMakeFiles/CMakeTmp

Run Build Command:"/usr/bin/ninja" "cmTC_bdddb"
[1/2] Building C object CMakeFiles/cmTC_bdddb.dir/src.c.o
FAILED: CMakeFiles/cmTC_bdddb.dir/src.c.o 
/usr/bin/x86_64-linux-gnu-gcc-7   -idirafter "/home/afar0308/Documents/GE-Game-Engine/GE/SDL2-2.0.14/src/video/khronos" -DHAVE_VIDEO_VIVANTE_VDK -o CMakeFiles/cmTC_bdddb.dir/src.c.o   -c src.c
src.c:2:18: fatal error: gc_vdk.h: No such file or directory
         #include <gc_vdk.h>
                  ^~~~~~~~~~
compilation terminated.
ninja: build stopped: subcommand failed.

Source file was:

        #include <gc_vdk.h>
        int main(int argc, char** argv) {}
Performing C SOURCE FILE Test HAVE_VIDEO_VIVANTE_EGL_FB failed with the following output:
Change Dir: /home/afar0308/Documents/GE-Game-Engine/build/CMakeFiles/CMakeTmp

Run Build Command:"/usr/bin/ninja" "cmTC_e38f9"
[1/2] Building C object CMakeFiles/cmTC_e38f9.dir/src.c.o
FAILED: CMakeFiles/cmTC_e38f9.dir/src.c.o 
/usr/bin/x86_64-linux-gnu-gcc-7   -idirafter "/home/afar0308/Documents/GE-Game-Engine/GE/SDL2-2.0.14/src/video/khronos" -DHAVE_VIDEO_VIVANTE_EGL_FB -o CMakeFiles/cmTC_e38f9.dir/src.c.o   -c src.c
src.c:4:18: fatal error: EGL/eglvivante.h: No such file or directory
         #include <EGL/eglvivante.h>
                  ^~~~~~~~~~~~~~~~~~
compilation terminated.
ninja: build stopped: subcommand failed.

Source file was:

        #define LINUX
        #define EGL_API_FB
        #include <EGL/eglvivante.h>
        int main(int argc, char** argv) {}
Determining if files pthread_np.h exist failed with the following output:
Change Dir: /home/afar0308/Documents/GE-Game-Engine/build/CMakeFiles/CMakeTmp

Run Build Command:"/usr/bin/ninja" "cmTC_18767"
[1/2] Building C object CMakeFiles/cmTC_18767.dir/CheckIncludeFiles.c.o
FAILED: CMakeFiles/cmTC_18767.dir/CheckIncludeFiles.c.o 
/usr/bin/x86_64-linux-gnu-gcc-7   -idirafter "/home/afar0308/Documents/GE-Game-Engine/GE/SDL2-2.0.14/src/video/khronos"   -D_REENTRANT -pthread -o CMakeFiles/cmTC_18767.dir/CheckIncludeFiles.c.o   -c CheckIncludeFiles.c
CheckIncludeFiles.c:2:10: fatal error: pthread_np.h: No such file or directory
 #include <pthread_np.h>
          ^~~~~~~~~~~~~~
compilation terminated.
ninja: build stopped: subcommand failed.

Source:
/* */
#include <pthread_np.h>


int main(void){return 0;}

Determining if the pthread_setname_np exist failed with the following output:
Change Dir: /home/afar0308/Documents/GE-Game-Engine/build/CMakeFiles/CMakeTmp

Run Build Command:"/usr/bin/ninja" "cmTC_f462b"
[1/2] Building C object CMakeFiles/cmTC_f462b.dir/CheckSymbolExists.c.o
FAILED: CMakeFiles/cmTC_f462b.dir/CheckSymbolExists.c.o 
/usr/bin/x86_64-linux-gnu-gcc-7   -idirafter "/home/afar0308/Documents/GE-Game-Engine/GE/SDL2-2.0.14/src/video/khronos"   -D_REENTRANT -pthread -o CMakeFiles/cmTC_f462b.dir/CheckSymbolExists.c.o   -c CheckSymbolExists.c
CheckSymbolExists.c: In function ‘main’:
CheckSymbolExists.c:8:19: error: ‘pthread_setname_np’ undeclared (first use in this function); did you mean ‘pthread_setcanceltype’?
   return ((int*)(&pthread_setname_np))[argc];
                   ^~~~~~~~~~~~~~~~~~
                   pthread_setcanceltype
CheckSymbolExists.c:8:19: note: each undeclared identifier is reported only once for each function it appears in
ninja: build stopped: subcommand failed.

File /home/afar0308/Documents/GE-Game-Engine/build/CMakeFiles/CMakeTmp/CheckSymbolExists.c:
/* */
#include <pthread.h>

int main(int argc, char** argv)
{
  (void)argv;
#ifndef pthread_setname_np
  return ((int*)(&pthread_setname_np))[argc];
#else
  (void)argc;
  return 0;
#endif
}

